<?xml version="1.0" encoding="UTF-8"?>
<!-- Generated by org.testng.reporters.JUnitXMLReporter -->
<testsuite hostname="DESKTOP-KBNBBMI" ignored="0" name="Default test" tests="3" failures="0" timestamp="2021-09-21T22:27:50 IST" time="0.07" errors="0">
  <testcase name="creatOrgTest" time="0.01" classname="com.comcast.Contact.CreatOrg"/>
  <testcase name="deleatOrgTest" time="0.002" classname="com.comcast.Contact.CreatOrg"/>
  <testcase name="modifyOrgTest" time="0.006" classname="com.comcast.Contact.CreatOrg"/>
</testsuite> <!-- Default test -->
